  glad.c
  imgui.cpp
  imgui_demo.cpp
  imgui_draw.cpp
  imgui_impl_glfw.cpp
  imgui_impl_opengl3.cpp
D:\zju\CG\final\ZJUCG-2024-FinalProject\sandbox\OpenGL Project\First Project\imgui\imgui_impl_opengl3.cpp(171,10): fatal  error C1083: 无法打开包括文件: “imgui_impl_opengl3_loader.h”: No such file or directory
  imgui_stdlib.cpp
  imgui_tables.cpp
  imgui_widgets.cpp
  model.cpp
D:\zju\CG\final\ZJUCG-2024-FinalProject\sandbox\OpenGL Project\First Project\Mesh.h(8,10): fatal  error C1083: 无法打开包括文件: “shader.h”: No such file or directory
  demo.cpp
D:\zju\CG\final\ZJUCG-2024-FinalProject\sandbox\OpenGL Project\First Project\LightManager.h(1,1): warning C4819: 该文件包含不能在当前代码页(936)中表示的字符。请将该文件保存为 Unicode 格式以防止数据丢失
D:\zju\CG\final\ZJUCG-2024-FinalProject\sandbox\OpenGL Project\First Project\Light.h(1,1): warning C4819: 该文件包含不能在当前代码页(936)中表示的字符。请将该文件保存为 Unicode 格式以防止数据丢失
D:\zju\CG\final\ZJUCG-2024-FinalProject\sandbox\OpenGL Project\First Project\Scene.h(6,10): fatal  error C1083: 无法打开包括文件: “nlohmann/json.hpp”: No such file or directory
  Renderer.cpp
D:\zju\CG\final\ZJUCG-2024-FinalProject\sandbox\OpenGL Project\First Project\LightManager.h(1,1): warning C4819: 该文件包含不能在当前代码页(936)中表示的字符。请将该文件保存为 Unicode 格式以防止数据丢失
D:\zju\CG\final\ZJUCG-2024-FinalProject\sandbox\OpenGL Project\First Project\Light.h(1,1): warning C4819: 该文件包含不能在当前代码页(936)中表示的字符。请将该文件保存为 Unicode 格式以防止数据丢失
D:\zju\CG\final\ZJUCG-2024-FinalProject\sandbox\OpenGL Project\First Project\Scene.h(6,10): fatal  error C1083: 无法打开包括文件: “nlohmann/json.hpp”: No such file or directory
  stb_image.cpp
D:\zju\CG\final\ZJUCG-2024-FinalProject\sandbox\OpenGL Project\First Project\stb_image.cpp(3,10): fatal  error C1083: 无法打开包括文件: “stb_image.h”: No such file or directory
  正在生成代码...
