  Shadow Test.cpp
E:\Ta Study\ZJUCG-2024-FinalProject\sandbox\OpenGL Project\First Project\Light.h(1,1): warning C4819: 该文件包含不能在当前代码页(936)中表示的字符。请将该文件保存为 Unicode 格式以防止数据丢失
  (编译源文件“Shadow%20Test.cpp”)
  
E:\Ta Study\ZJUCG-2024-FinalProject\sandbox\OpenGL Project\First Project\LightManager.h(1,1): warning C4819: 该文件包含不能在当前代码页(936)中表示的字符。请将该文件保存为 Unicode 格式以防止数据丢失
  (编译源文件“Shadow%20Test.cpp”)
  
E:\Ta Study\ZJUCG-2024-FinalProject\sandbox\OpenGL Project\First Project\Shadow Test.cpp(296,106): warning C4267: “参数”: 从“size_t”转换到“int”，可能丢失数据
E:\Ta Study\ZJUCG-2024-FinalProject\sandbox\OpenGL Project\First Project\Shadow Test.cpp(336,101): warning C4267: “参数”: 从“size_t”转换到“int”，可能丢失数据
E:\Ta Study\ZJUCG-2024-FinalProject\sandbox\OpenGL Project\First Project\Shadow Test.cpp(353,52): warning C4267: “参数”: 从“size_t”转换到“int”，可能丢失数据
E:\Ta Study\ZJUCG-2024-FinalProject\sandbox\OpenGL Project\First Project\Shadow Test.cpp(392,84): warning C4267: “参数”: 从“size_t”转换到“int”，可能丢失数据
E:\Ta Study\ZJUCG-2024-FinalProject\sandbox\OpenGL Project\First Project\Shadow Test.cpp(403,41): warning C4267: “参数”: 从“size_t”转换到“GLenum”，可能丢失数据
E:\Ta Study\ZJUCG-2024-FinalProject\sandbox\OpenGL Project\First Project\Shadow Test.cpp(404,73): warning C4267: “参数”: 从“size_t”转换到“int”，可能丢失数据
E:\Ta Study\ZJUCG-2024-FinalProject\sandbox\OpenGL Project\First Project\Shadow Test.cpp(406,52): warning C4267: “参数”: 从“size_t”转换到“int”，可能丢失数据
E:\Ta Study\ZJUCG-2024-FinalProject\sandbox\OpenGL Project\First Project\Shadow Test.cpp(409,71): warning C4267: “参数”: 从“size_t”转换到“int”，可能丢失数据
LINK : warning LNK4098: 默认库“MSVCRTD”与其他库的使用冲突；请使用 /NODEFAULTLIB:library
  正在生成代码
  32 of 3003 functions ( 1.1%) were compiled, the rest were copied from previous compilation.
    3 functions were new in current compilation
    66 functions had inline decision re-evaluated but remain unchanged
  已完成代码的生成
  First Project.vcxproj -> E:\Ta Study\ZJUCG-2024-FinalProject\sandbox\OpenGL Project\x64\Release\First Project.exe
